<?xml version="1.0" encoding="UTF-8"?>
<testsuite xmlns:xsi="http://www.w3.org/2001/XMLSchema-instance" xsi:noNamespaceSchemaLocation="https://maven.apache.org/surefire/maven-surefire-plugin/xsd/surefire-test-report.xsd" name="dev.chaitaliJ.CLIApplication.Validator.FileValidatorTest" time="0" tests="3" errors="0" skipped="0" failures="0">
  <properties>
[...]
</properties>
  <testcase name="testIsFileSizeLessThan1MB" classname="dev.chaitaliJ.CLIApplication.Validator.FileValidatorTest" time="0"/>
  <testcase name="testFileExists" classname="dev.chaitaliJ.CLIApplication.Validator.FileValidatorTest" time="0"/>
  <testcase name="testIsTextFile" classname="dev.chaitaliJ.CLIApplication.Validator.FileValidatorTest" time="0"/>
</testsuite>